<?xml version="1.0" encoding="UTF-8"?>
<!-- Generated by org.testng.reporters.JUnitXMLReporter -->
<testsuite ignored="3" hostname="DESKTOP-8TDN02Q" failures="0" tests="4" name="Test Regression" time="24.608" errors="0" timestamp="2023-04-16T12:13:56 EET">
  <testcase classname="tests.LoginTest" name="testsuccessfulllogin" time="0.247"/>
  <testcase classname="tests.GeneralSettingTest" name="GetToAddKpiPage" time="5.882"/>
  <testcase classname="tests.AddKPiSettingTest" name="TestAdd_Kpis" time="7.662"/>
  <testcase classname="tests.UpdateKpiTest" name="UserCanUpdateKpi" time="10.742"/>
  <testcase classname="tests.BaseTest" name="@BeforeSuite SetUp" time="0.0">
    <ignored/>
  </testcase> <!-- @BeforeSuite SetUp -->
  <testcase classname="tests.BaseTest" name="@BeforeSuite SetUp" time="0.0">
    <ignored/>
  </testcase> <!-- @BeforeSuite SetUp -->
  <testcase classname="tests.BaseTest" name="@BeforeSuite SetUp" time="0.0">
    <ignored/>
  </testcase> <!-- @BeforeSuite SetUp -->
</testsuite> <!-- Test Regression -->
