<?xml version="1.0" encoding="UTF-8"?>
<!-- Generated by org.testng.reporters.JUnitXMLReporter -->
<testsuite ignored="3" hostname="DESKTOP-MQO629T" failures="0" tests="4" name="Test Regression" time="21.183" errors="0" timestamp="2022-05-12T19:55:24 EET">
  <testcase classname="tests.LoginTest" name="testsuccessfulllogin" time="0.601"/>
  <testcase classname="tests.GeneralSettingTest" name="GetToAddKpiPage" time="9.345"/>
  <testcase classname="tests.AddKPiSettingTest" name="TestAdd_Kpis" time="5.956"/>
  <testcase classname="tests.UpdateKpiTest" name="UserCanUpdateKpi" time="5.171"/>
  <testcase classname="tests.BaseTest" name="@BeforeSuite SetUp" time="0.0">
    <ignored/>
  </testcase> <!-- @BeforeSuite SetUp -->
  <testcase classname="tests.BaseTest" name="@BeforeSuite SetUp" time="0.0">
    <ignored/>
  </testcase> <!-- @BeforeSuite SetUp -->
  <testcase classname="tests.BaseTest" name="@BeforeSuite SetUp" time="0.0">
    <ignored/>
  </testcase> <!-- @BeforeSuite SetUp -->
</testsuite> <!-- Test Regression -->
