<?xml version="1.0" encoding="UTF-8"?>
<testng-results ignored="3" total="7" passed="4" failed="0" skipped="0">
  <reporter-output>
  </reporter-output>
  <suite started-at="2023-04-16T12:13:31 EET" name="KPI Regression Suite" finished-at="2023-04-16T12:13:56 EET" duration-ms="24608">
    <groups>
    </groups>
    <test started-at="2023-04-16T12:13:31 EET" name="Test Regression" finished-at="2023-04-16T12:13:56 EET" duration-ms="24608">
      <class name="tests.LoginTest">
        <test-method is-config="true" signature="SetUp()[pri:0, instance:tests.LoginTest@59d2400d]" started-at="2023-04-16T12:13:24 EET" name="SetUp" finished-at="2023-04-16T12:13:31 EET" duration-ms="7071" status="PASS">
          <reporter-output>
          </reporter-output>
        </test-method> <!-- SetUp -->
        <test-method signature="testsuccessfulllogin()[pri:0, instance:tests.LoginTest@59d2400d]" started-at="2023-04-16T12:13:32 EET" name="testsuccessfulllogin" finished-at="2023-04-16T12:13:32 EET" duration-ms="247" status="PASS">
          <reporter-output>
          </reporter-output>
        </test-method> <!-- testsuccessfulllogin -->
      </class> <!-- tests.LoginTest -->
      <class name="tests.AddKPiSettingTest">
        <test-method signature="TestAdd_Kpis()[pri:0, instance:tests.AddKPiSettingTest@1ecee32c]" started-at="2023-04-16T12:13:38 EET" name="TestAdd_Kpis" finished-at="2023-04-16T12:13:45 EET" duration-ms="7662" status="PASS">
          <reporter-output>
          </reporter-output>
        </test-method> <!-- TestAdd_Kpis -->
      </class> <!-- tests.AddKPiSettingTest -->
      <class name="tests.UpdateKpiTest">
        <test-method signature="UserCanUpdateKpi()[pri:0, instance:tests.UpdateKpiTest@4372b9b6]" started-at="2023-04-16T12:13:45 EET" name="UserCanUpdateKpi" finished-at="2023-04-16T12:13:56 EET" duration-ms="10742" status="PASS">
          <reporter-output>
          </reporter-output>
        </test-method> <!-- UserCanUpdateKpi -->
      </class> <!-- tests.UpdateKpiTest -->
      <class name="tests.GeneralSettingTest">
        <test-method signature="GetToAddKpiPage()[pri:0, instance:tests.GeneralSettingTest@4535b6d5]" started-at="2023-04-16T12:13:32 EET" name="GetToAddKpiPage" finished-at="2023-04-16T12:13:38 EET" duration-ms="5882" status="PASS">
          <reporter-output>
          </reporter-output>
        </test-method> <!-- GetToAddKpiPage -->
      </class> <!-- tests.GeneralSettingTest -->
    </test> <!-- Test Regression -->
  </suite> <!-- KPI Regression Suite -->
</testng-results>
